<?xml version="1.0" encoding="UTF-8"?>
<!-- Generated by org.testng.reporters.JUnitReportReporter -->
<testsuite hostname="DESKTOP-JFJSU60" failures="0" tests="3" name="com.rest_assured.tests.thirdApiTest" time="1.669" errors="0" timestamp="2026-08-16T18:57:44 IST" skipped="0">
  <testcase classname="com.rest_assured.tests.thirdApiTest" name="postRequest" time="0.386"/>
  <testcase classname="com.rest_assured.tests.thirdApiTest" name="validatePostRequestSchema" time="0.351"/>
  <testcase classname="com.rest_assured.tests.thirdApiTest" name="getrequest" time="0.932"/>
</testsuite> <!-- com.rest_assured.tests.thirdApiTest -->
