<?xml version="1.0" encoding="UTF-8"?>
<!-- Generated by org.testng.reporters.JUnitXMLReporter -->
<testsuite ignored="0" hostname="DESKTOP-JFJSU60" failures="0" tests="3" name="API Tests" time="2.19" errors="0" timestamp="2026-08-16T18:57:43 IST">
  <testcase classname="com.rest_assured.tests.thirdApiTest" name="getrequest" time="0.932"/>
  <testcase classname="com.rest_assured.tests.thirdApiTest" name="postRequest" time="0.386"/>
  <testcase classname="com.rest_assured.tests.thirdApiTest" name="validatePostRequestSchema" time="0.351"/>
</testsuite> <!-- API Tests -->
