<?xml version="1.0" encoding="UTF-8"?>
<testng-results ignored="0" total="1" passed="1" failed="0" skipped="0">
  <reporter-output>
  </reporter-output>
  <suite started-at="2026-08-15T23:37:09 IST" name="Default suite" finished-at="2026-08-15T23:37:14 IST" duration-ms="4585">
    <groups>
    </groups>
    <test started-at="2026-08-15T23:37:09 IST" name="Default test" finished-at="2026-08-15T23:37:14 IST" duration-ms="4585">
      <class name="com.rest_assured.tests.thirdApiTest">
        <test-method is-config="true" signature="setUp()[pri:0, instance:com.rest_assured.tests.thirdApiTest@12f9af83]" started-at="2026-08-15T23:37:09 IST" name="setUp" finished-at="2026-08-15T23:37:10 IST" duration-ms="625" status="PASS">
          <reporter-output>
          </reporter-output>
        </test-method> <!-- setUp -->
        <test-method signature="getrequest()[pri:0, instance:com.rest_assured.tests.thirdApiTest@12f9af83]" started-at="2026-08-15T23:37:10 IST" name="getrequest" finished-at="2026-08-15T23:37:14 IST" duration-ms="3833" status="PASS">
          <reporter-output>
          </reporter-output>
        </test-method> <!-- getrequest -->
      </class> <!-- com.rest_assured.tests.thirdApiTest -->
    </test> <!-- Default test -->
  </suite> <!-- Default suite -->
</testng-results>
