<?xml version="1.0" encoding="UTF-8"?>
<testng-results ignored="0" total="3" passed="3" failed="0" skipped="0">
  <reporter-output>
  </reporter-output>
  <suite started-at="2026-08-16T18:57:41 IST" name="Allure Suite" finished-at="2026-08-16T18:57:43 IST" duration-ms="2190">
    <groups>
    </groups>
    <test started-at="2026-08-16T18:57:41 IST" name="API Tests" finished-at="2026-08-16T18:57:43 IST" duration-ms="2190">
      <class name="com.rest_assured.tests.thirdApiTest">
        <test-method is-config="true" signature="setUp()[pri:0, instance:com.rest_assured.tests.thirdApiTest@3bd323e9]" started-at="2026-08-16T18:57:41 IST" name="setUp" finished-at="2026-08-16T18:57:42 IST" duration-ms="463" status="PASS">
          <reporter-output>
          </reporter-output>
        </test-method> <!-- setUp -->
        <test-method signature="getrequest()[pri:0, instance:com.rest_assured.tests.thirdApiTest@3bd323e9]" started-at="2026-08-16T18:57:42 IST" name="getrequest" finished-at="2026-08-16T18:57:43 IST" duration-ms="932" status="PASS">
          <reporter-output>
          </reporter-output>
        </test-method> <!-- getrequest -->
        <test-method signature="postRequest()[pri:0, instance:com.rest_assured.tests.thirdApiTest@3bd323e9]" started-at="2026-08-16T18:57:43 IST" name="postRequest" finished-at="2026-08-16T18:57:43 IST" duration-ms="386" status="PASS">
          <reporter-output>
          </reporter-output>
        </test-method> <!-- postRequest -->
        <test-method signature="validatePostRequestSchema()[pri:0, instance:com.rest_assured.tests.thirdApiTest@3bd323e9]" started-at="2026-08-16T18:57:43 IST" name="validatePostRequestSchema" finished-at="2026-08-16T18:57:43 IST" duration-ms="351" status="PASS">
          <reporter-output>
          </reporter-output>
        </test-method> <!-- validatePostRequestSchema -->
      </class> <!-- com.rest_assured.tests.thirdApiTest -->
    </test> <!-- API Tests -->
  </suite> <!-- Allure Suite -->
</testng-results>
