<?xml version="1.0" encoding="UTF-8"?>
<!-- Generated by org.testng.reporters.JUnitReportReporter -->
<testsuite hostname="DESKTOP-JFJSU60" failures="0" tests="3" name="SecondApiTest" time="2.679" errors="0" timestamp="2026-08-15T13:49:28 IST" skipped="0">
  <testcase classname="SecondApiTest" name="testGetUsers1" time="2.516"/>
  <testcase classname="SecondApiTest" name="testGetUsers2" time="0.116"/>
  <testcase classname="SecondApiTest" name="dummyTest" time="0.047"/>
</testsuite> <!-- SecondApiTest -->
