<?xml version="1.0" encoding="UTF-8"?>
<!-- Generated by org.testng.reporters.JUnitReportReporter -->
<testsuite hostname="DESKTOP-JFJSU60" failures="0" tests="3" name="firstApiTest" time="0.243" errors="0" timestamp="2026-08-15T13:49:28 IST" skipped="0">
  <testcase classname="firstApiTest" name="verifyHeaders" time="0.062"/>
  <testcase classname="firstApiTest" name="testGetUsers1" time="0.097"/>
  <testcase classname="firstApiTest" name="testGetUsers2" time="0.084"/>
</testsuite> <!-- firstApiTest -->
